{
  "errors": [],
  "generated_at": "2022-02-19T08:03:25Z",
  "metrics": {
    "./app/web/chaimtube.py": {
      "CONFIDENCE.HIGH": 1.0,
      "CONFIDENCE.LOW": 0.0,
      "CONFIDENCE.MEDIUM": 2.0,
      "CONFIDENCE.UNDEFINED": 0.0,
      "SEVERITY.HIGH": 0.0,
      "SEVERITY.LOW": 2.0,
      "SEVERITY.MEDIUM": 1.0,
      "SEVERITY.UNDEFINED": 0.0,
      "loc": 241,
      "nosec": 0
    },
    "./tests/test-solution.py": {
      "CONFIDENCE.HIGH": 3.0,
      "CONFIDENCE.LOW": 0.0,
      "CONFIDENCE.MEDIUM": 0.0,
      "CONFIDENCE.UNDEFINED": 0.0,
      "SEVERITY.HIGH": 0.0,
      "SEVERITY.LOW": 3.0,
      "SEVERITY.MEDIUM": 0.0,
      "SEVERITY.UNDEFINED": 0.0,
      "loc": 20,
      "nosec": 0
    },
    "./tests/test_01.py": {
      "CONFIDENCE.HIGH": 2.0,
      "CONFIDENCE.LOW": 0.0,
      "CONFIDENCE.MEDIUM": 0.0,
      "CONFIDENCE.UNDEFINED": 0.0,
      "SEVERITY.HIGH": 0.0,
      "SEVERITY.LOW": 2.0,
      "SEVERITY.MEDIUM": 0.0,
      "SEVERITY.UNDEFINED": 0.0,
      "loc": 12,
      "nosec": 0
    },
    "./tests/test_02.py": {
      "CONFIDENCE.HIGH": 3.0,
      "CONFIDENCE.LOW": 0.0,
      "CONFIDENCE.MEDIUM": 0.0,
      "CONFIDENCE.UNDEFINED": 0.0,
      "SEVERITY.HIGH": 0.0,
      "SEVERITY.LOW": 3.0,
      "SEVERITY.MEDIUM": 0.0,
      "SEVERITY.UNDEFINED": 0.0,
      "loc": 48,
      "nosec": 0
    },
    "./tests/test_03.py": {
      "CONFIDENCE.HIGH": 1.0,
      "CONFIDENCE.LOW": 0.0,
      "CONFIDENCE.MEDIUM": 0.0,
      "CONFIDENCE.UNDEFINED": 0.0,
      "SEVERITY.HIGH": 0.0,
      "SEVERITY.LOW": 1.0,
      "SEVERITY.MEDIUM": 0.0,
      "SEVERITY.UNDEFINED": 0.0,
      "loc": 11,
      "nosec": 0
    },
    "./tests/test_04.py": {
      "CONFIDENCE.HIGH": 1.0,
      "CONFIDENCE.LOW": 0.0,
      "CONFIDENCE.MEDIUM": 0.0,
      "CONFIDENCE.UNDEFINED": 0.0,
      "SEVERITY.HIGH": 0.0,
      "SEVERITY.LOW": 1.0,
      "SEVERITY.MEDIUM": 0.0,
      "SEVERITY.UNDEFINED": 0.0,
      "loc": 12,
      "nosec": 0
    },
    "_totals": {
      "CONFIDENCE.HIGH": 11.0,
      "CONFIDENCE.LOW": 0.0,
      "CONFIDENCE.MEDIUM": 2.0,
      "CONFIDENCE.UNDEFINED": 0.0,
      "SEVERITY.HIGH": 0.0,
      "SEVERITY.LOW": 12.0,
      "SEVERITY.MEDIUM": 0.0,
      "SEVERITY.UNDEFINED": 0.0,
      "loc": 344,
      "nosec": 0
    }
  },
  "results": []
}
